<?xml version="1.0" encoding="UTF-8"?>
<testsuite xmlns:xsi="http://www.w3.org/2001/XMLSchema-instance" xsi:noNamespaceSchemaLocation="https://maven.apache.org/surefire/maven-surefire-plugin/xsd/surefire-test-report-3.0.xsd" version="3.0" name="unit_tests.TestMockAuthenticationService" time="0.065" tests="11" errors="0" skipped="0" failures="0">
  <properties>
[...]
</properties>
  <testcase name="emptyUserNameReturnError" classname="unit_tests.TestMockAuthenticationService" time="0.003"/>
  <testcase name="testIOExceptionThrown" classname="unit_tests.TestMockAuthenticationService" time="0.007"/>
  <testcase name="nullResourceThrowsNPE" classname="unit_tests.TestMockAuthenticationService" time="0.006"/>
  <testcase name="missingFieldThrowParseException" classname="unit_tests.TestMockAuthenticationService" time="0.005"/>
  <testcase name="validCredentialsNoError" classname="unit_tests.TestMockAuthenticationService" time="0.002"/>
  <testcase name="inValidUserNameReturnError" classname="unit_tests.TestMockAuthenticationService" time="0.001"/>
  <testcase name="emptyValueThrowParseException" classname="unit_tests.TestMockAuthenticationService" time="0.003"/>
  <testcase name="invalidURIThrowURISyntaxExcep" classname="unit_tests.TestMockAuthenticationService" time="0.005"/>
  <testcase name="invalidResourceThrowParseException" classname="unit_tests.TestMockAuthenticationService" time="0.003"/>
  <testcase name="emptyPasswordReturnError" classname="unit_tests.TestMockAuthenticationService" time="0.001"/>
  <testcase name="wrongPasswordReturnError" classname="unit_tests.TestMockAuthenticationService" time="0.001"/>
</testsuite>